Using pre-set license
Built from '2022.3/staging' branch; Version is '2022.3.17f1 (4fc78088f837) revision 5228416'; Using compiler version '192829333'; Build Type 'Release'
OS: 'Windows 11  (10.0.22631) 64bit CoreSingleLanguage' Language: 'en' Physical Memory: 7532 MB
BatchMode: 1, IsHumanControllingUs: 0, StartBugReporterOnCrash: 0, Is64bit: 1, IsPro: 1

COMMAND LINE ARGUMENTS:
C:\Program Files\Unity\Hub\Editor\2022.3.17f1\Editor\Unity.exe
-adb2
-batchMode
-noUpm
-name
AssetImportWorker1
-projectPath
D:/File Unity/Stack
-logFile
Logs/AssetImportWorker1.log
-srvPort
50075
Successfully changed project path to: D:/File Unity/Stack
D:/File Unity/Stack
[UnityMemory] Configuration Parameters - Can be set up in boot.config
    "memorysetup-bucket-allocator-granularity=16"
    "memorysetup-bucket-allocator-bucket-count=8"
    "memorysetup-bucket-allocator-block-size=33554432"
    "memorysetup-bucket-allocator-block-count=8"
    "memorysetup-main-allocator-block-size=16777216"
    "memorysetup-thread-allocator-block-size=16777216"
    "memorysetup-gfx-main-allocator-block-size=16777216"
    "memorysetup-gfx-thread-allocator-block-size=16777216"
    "memorysetup-cache-allocator-block-size=4194304"
    "memorysetup-typetree-allocator-block-size=2097152"
    "memorysetup-profiler-bucket-allocator-granularity=16"
    "memorysetup-profiler-bucket-allocator-bucket-count=8"
    "memorysetup-profiler-bucket-allocator-block-size=33554432"
    "memorysetup-profiler-bucket-allocator-block-count=8"
    "memorysetup-profiler-allocator-block-size=16777216"
    "memorysetup-profiler-editor-allocator-block-size=1048576"
    "memorysetup-temp-allocator-size-main=16777216"
    "memorysetup-job-temp-allocator-block-size=2097152"
    "memorysetup-job-temp-allocator-block-size-background=1048576"
    "memorysetup-job-temp-allocator-reduction-small-platforms=262144"
    "memorysetup-allocator-temp-initial-block-size-main=262144"
    "memorysetup-allocator-temp-initial-block-size-worker=262144"
    "memorysetup-temp-allocator-size-background-worker=32768"
    "memorysetup-temp-allocator-size-job-worker=262144"
    "memorysetup-temp-allocator-size-preload-manager=33554432"
    "memorysetup-temp-allocator-size-nav-mesh-worker=65536"
    "memorysetup-temp-allocator-size-audio-worker=65536"
    "memorysetup-temp-allocator-size-cloud-worker=32768"
    "memorysetup-temp-allocator-size-gi-baking-worker=262144"
    "memorysetup-temp-allocator-size-gfx=262144"
Player connection [6072] Host "[IP] 192.168.150.1 [Port] 0 [Flags] 2 [Guid] 3365685994 [EditorId] 3365685994 [Version] 1048832 [Id] WindowsEditor(7,Lagger) [Debug] 1 [PackageName] WindowsEditor [ProjectName] Editor" joined multi-casting on [225.0.0.222:54997]...

Player connection [6072] Host "[IP] 192.168.150.1 [Port] 0 [Flags] 2 [Guid] 3365685994 [EditorId] 3365685994 [Version] 1048832 [Id] WindowsEditor(7,Lagger) [Debug] 1 [PackageName] WindowsEditor [ProjectName] Editor" joined alternative multi-casting on [225.0.0.222:34997]...

[Physics::Module] Initialized MultithreadedJobDispatcher with 11 workers.
Refreshing native plugins compatible for Editor in 19.00 ms, found 3 plugins.
Preloading 0 native plugins for Editor in 0.00 ms.
Initialize engine version: 2022.3.17f1 (4fc78088f837)
[Subsystems] Discovering subsystems at path C:/Program Files/Unity/Hub/Editor/2022.3.17f1/Editor/Data/Resources/UnitySubsystems
[Subsystems] Discovering subsystems at path D:/File Unity/Stack/Assets
GfxDevice: creating device client; threaded=0; jobified=0
Direct3D:
    Version:  Direct3D 11.0 [level 11.1]
    Renderer: NVIDIA GeForce GTX 1650 (ID=0x1f9d)
    Vendor:   NVIDIA
    VRAM:     3962 MB
    Driver:   30.0.15.1274
Initialize mono
Mono path[0] = 'C:/Program Files/Unity/Hub/Editor/2022.3.17f1/Editor/Data/Managed'
Mono path[1] = 'C:/Program Files/Unity/Hub/Editor/2022.3.17f1/Editor/Data/MonoBleedingEdge/lib/mono/unityjit-win32'
Mono config path = 'C:/Program Files/Unity/Hub/Editor/2022.3.17f1/Editor/Data/MonoBleedingEdge/etc'
Using monoOptions --debugger-agent=transport=dt_socket,embedding=1,server=y,suspend=n,address=127.0.0.1:56692
Begin MonoManager ReloadAssembly
Registering precompiled unity dll's ...
Register platform support module: C:/Program Files/Unity/Hub/Editor/2022.3.17f1/Editor/Data/PlaybackEngines/WebGLSupport/UnityEditor.WebGL.Extensions.dll
Register platform support module: C:/Program Files/Unity/Hub/Editor/2022.3.17f1/Editor/Data/PlaybackEngines/WindowsStandaloneSupport/UnityEditor.WindowsStandalone.Extensions.dll
Registered in 0.009052 seconds.
- Loaded All Assemblies, in  0.491 seconds
Native extension for WindowsStandalone target not found
Native extension for WebGL target not found
Mono: successfully reloaded assembly
- Finished resetting the current domain, in  0.304 seconds
Domain Reload Profiling: 794ms
	BeginReloadAssembly (196ms)
		ExecutionOrderSort (0ms)
		DisableScriptedObjects (0ms)
		BackupInstance (0ms)
		ReleaseScriptingObjects (0ms)
		CreateAndSetChildDomain (2ms)
	RebuildCommonClasses (39ms)
	RebuildNativeTypeToScriptingClass (9ms)
	initialDomainReloadingComplete (66ms)
	LoadAllAssembliesAndSetupDomain (179ms)
		LoadAssemblies (191ms)
		RebuildTransferFunctionScriptingTraits (0ms)
		AnalyzeDomain (175ms)
			TypeCache.Refresh (173ms)
				TypeCache.ScanAssembly (150ms)
			ScanForSourceGeneratedMonoScriptInfo (0ms)
			ResolveRequiredComponents (1ms)
	FinalizeReload (304ms)
		ReleaseScriptCaches (0ms)
		RebuildScriptCaches (0ms)
		SetupLoadedEditorAssemblies (240ms)
			LogAssemblyErrors (0ms)
			InitializePlatformSupportModulesInManaged (12ms)
			SetLoadedEditorAssemblies (7ms)
			RefreshPlugins (0ms)
			BeforeProcessingInitializeOnLoad (3ms)
			ProcessInitializeOnLoadAttributes (166ms)
			ProcessInitializeOnLoadMethodAttributes (52ms)
			AfterProcessingInitializeOnLoad (0ms)
			EditorAssembliesLoaded (0ms)
		ExecutionOrderSort2 (0ms)
		AwakeInstancesAfterBackupRestoration (0ms)
========================================================================
Worker process is ready to serve import requests
Begin MonoManager ReloadAssembly
- Loaded All Assemblies, in  1.034 seconds
Refreshing native plugins compatible for Editor in 2.21 ms, found 3 plugins.
Native extension for WindowsStandalone target not found
Native extension for WebGL target not found
Package Manager log level set to [2]
[Package Manager] Server::EnsureServerProcessIsRunning -- launch failed, reason: Unity was launched with the -noUpm command-line argument
[Package Manager] UpmClient::Send -- Unable to send message (not connected to UPM process).
[Package Manager] Cannot connect to Unity Package Manager local server
Mono: successfully reloaded assembly
- Finished resetting the current domain, in  0.862 seconds
Domain Reload Profiling: 1896ms
	BeginReloadAssembly (214ms)
		ExecutionOrderSort (0ms)
		DisableScriptedObjects (6ms)
		BackupInstance (0ms)
		ReleaseScriptingObjects (0ms)
		CreateAndSetChildDomain (37ms)
	RebuildCommonClasses (42ms)
	RebuildNativeTypeToScriptingClass (12ms)
	initialDomainReloadingComplete (51ms)
	LoadAllAssembliesAndSetupDomain (714ms)
		LoadAssemblies (626ms)
		RebuildTransferFunctionScriptingTraits (0ms)
		AnalyzeDomain (218ms)
			TypeCache.Refresh (186ms)
				TypeCache.ScanAssembly (163ms)
			ScanForSourceGeneratedMonoScriptInfo (24ms)
			ResolveRequiredComponents (6ms)
	FinalizeReload (863ms)
		ReleaseScriptCaches (0ms)
		RebuildScriptCaches (0ms)
		SetupLoadedEditorAssemblies (674ms)
			LogAssemblyErrors (0ms)
			InitializePlatformSupportModulesInManaged (9ms)
			SetLoadedEditorAssemblies (8ms)
			RefreshPlugins (0ms)
			BeforeProcessingInitializeOnLoad (107ms)
			ProcessInitializeOnLoadAttributes (522ms)
			ProcessInitializeOnLoadMethodAttributes (23ms)
			AfterProcessingInitializeOnLoad (6ms)
			EditorAssembliesLoaded (0ms)
		ExecutionOrderSort2 (0ms)
		AwakeInstancesAfterBackupRestoration (7ms)
Launched and connected shader compiler UnityShaderCompiler.exe after 0.06 seconds
Refreshing native plugins compatible for Editor in 1.87 ms, found 3 plugins.
Preloading 0 native plugins for Editor in 0.00 ms.
Unloading 3172 Unused Serialized files (Serialized files now loaded: 0)
Unloading 37 unused Assets / (57.1 KB). Loaded Objects now: 3636.
Memory consumption went from 128.4 MB to 128.4 MB.
Total: 3.310100 ms (FindLiveObjects: 0.341100 ms CreateObjectMapping: 0.108400 ms MarkObjects: 2.713100 ms  DeleteObjects: 0.146300 ms)

AssetImportParameters requested are different than current active one (requested -> active):
  custom:container-demuxer-ogg: 62fdf1f143b41e24485cea50d1cbac27 -> 
  custom:video-codec-MediaFoundation-h265: 746d11721c4dcdbdad8f713fa42b33f4 -> 
  custom:video-decoder-ogg-theora: a1e56fd34408186e4bbccfd4996cb3dc -> 
  custom:framework-win-MediaFoundation: 216162199b28c13a410421893ffa2e32 -> 
  custom:CustomObjectIndexerAttribute: 6d391050e5a25f67b0a2c618074f2cd9 -> 
  custom:container-demuxer-webm: 4f35f7cbe854078d1ac9338744f61a02 -> 
  custom:container-muxer-webm: aa71ff27fc2769a1b78a27578f13a17b -> 
  custom:video-decoder-webm-vp8: 9c59270c3fd7afecdb556c50c9e8de78 -> 
  custom:SearchIndexIgnoredProperties: e643bd26f0fe6173181afceb89e7c659 -> 
  custom:AudioImporter_EditorPlatform: d09bf68614088b80899f8185d706f6e7 -> 
  custom:video-encoder-webm-vp8: eb34c28f22e8b96e1ab97ce403110664 -> 
  custom:audio-decoder-ogg-vorbis: bf7c407c2cedff20999df2af8eb42d56 -> 
  custom:audio-encoder-webm-vorbis: bf7c407c2cedff20999df2af8eb42d56 -> 
========================================================================
Received Import Request.
  Time since last request: 326.121648 seconds.
  path: Assets/Scenes/SampleScene.unity
  artifactKey: Guid(9fc0d4010bbf28b4594072e72b8655ab) Importer(815301076,1909f56bfc062723c751e8b465ee728b)
Start importing Assets/Scenes/SampleScene.unity using Guid(9fc0d4010bbf28b4594072e72b8655ab) Importer(815301076,1909f56bfc062723c751e8b465ee728b)  -> (artifact id: '0fc30b4d82ebccdc4348f710acc435bc') in 0.007254 seconds
Number of updated asset objects reloaded before import = 0
Number of asset objects unloaded after import = 0
========================================================================
Received Prepare
Begin MonoManager ReloadAssembly
- Loaded All Assemblies, in  0.538 seconds
Refreshing native plugins compatible for Editor in 2.55 ms, found 3 plugins.
Native extension for WindowsStandalone target not found
Native extension for WebGL target not found
[Package Manager] Server::EnsureServerProcessIsRunning -- launch failed, reason: Unity was launched with the -noUpm command-line argument
[Package Manager] UpmClient::Send -- Unable to send message (not connected to UPM process).
[Package Manager] Cannot connect to Unity Package Manager local server
Mono: successfully reloaded assembly
- Finished resetting the current domain, in  0.906 seconds
Domain Reload Profiling: 1443ms
	BeginReloadAssembly (189ms)
		ExecutionOrderSort (0ms)
		DisableScriptedObjects (5ms)
		BackupInstance (0ms)
		ReleaseScriptingObjects (0ms)
		CreateAndSetChildDomain (52ms)
	RebuildCommonClasses (45ms)
	RebuildNativeTypeToScriptingClass (14ms)
	initialDomainReloadingComplete (28ms)
	LoadAllAssembliesAndSetupDomain (260ms)
		LoadAssemblies (347ms)
		RebuildTransferFunctionScriptingTraits (0ms)
		AnalyzeDomain (13ms)
			TypeCache.Refresh (6ms)
				TypeCache.ScanAssembly (0ms)
			ScanForSourceGeneratedMonoScriptInfo (0ms)
			ResolveRequiredComponents (4ms)
	FinalizeReload (906ms)
		ReleaseScriptCaches (0ms)
		RebuildScriptCaches (0ms)
		SetupLoadedEditorAssemblies (525ms)
			LogAssemblyErrors (0ms)
			InitializePlatformSupportModulesInManaged (11ms)
			SetLoadedEditorAssemblies (8ms)
			RefreshPlugins (0ms)
			BeforeProcessingInitializeOnLoad (98ms)
			ProcessInitializeOnLoadAttributes (380ms)
			ProcessInitializeOnLoadMethodAttributes (22ms)
			AfterProcessingInitializeOnLoad (6ms)
			EditorAssembliesLoaded (0ms)
		ExecutionOrderSort2 (0ms)
		AwakeInstancesAfterBackupRestoration (8ms)
Refreshing native plugins compatible for Editor in 1.84 ms, found 3 plugins.
Preloading 0 native plugins for Editor in 0.00 ms.
Unloading 3151 Unused Serialized files (Serialized files now loaded: 0)
Unloading 28 unused Assets / (31.2 KB). Loaded Objects now: 3639.
Memory consumption went from 125.8 MB to 125.7 MB.
Total: 3.941200 ms (FindLiveObjects: 0.294300 ms CreateObjectMapping: 0.230400 ms MarkObjects: 3.351400 ms  DeleteObjects: 0.063600 ms)

Prepare: number of updated asset objects reloaded= 0
AssetImportParameters requested are different than current active one (requested -> active):
  custom:container-demuxer-ogg: 62fdf1f143b41e24485cea50d1cbac27 -> 
  custom:video-codec-MediaFoundation-h265: 746d11721c4dcdbdad8f713fa42b33f4 -> 
  custom:video-decoder-ogg-theora: a1e56fd34408186e4bbccfd4996cb3dc -> 
  custom:framework-win-MediaFoundation: 216162199b28c13a410421893ffa2e32 -> 
  custom:CustomObjectIndexerAttribute: 6d391050e5a25f67b0a2c618074f2cd9 -> 
  custom:container-demuxer-webm: 4f35f7cbe854078d1ac9338744f61a02 -> 
  custom:container-muxer-webm: aa71ff27fc2769a1b78a27578f13a17b -> 
  custom:video-decoder-webm-vp8: 9c59270c3fd7afecdb556c50c9e8de78 -> 
  custom:SearchIndexIgnoredProperties: e643bd26f0fe6173181afceb89e7c659 -> 
  custom:AudioImporter_EditorPlatform: d09bf68614088b80899f8185d706f6e7 -> 
  custom:video-encoder-webm-vp8: eb34c28f22e8b96e1ab97ce403110664 -> 
  custom:audio-decoder-ogg-vorbis: bf7c407c2cedff20999df2af8eb42d56 -> 
  custom:audio-encoder-webm-vorbis: bf7c407c2cedff20999df2af8eb42d56 -> 
========================================================================
Received Import Request.
  Time since last request: 251.691171 seconds.
  path: Assets/Model/Image/Texture/2.png
  artifactKey: Guid(b95fbd9c41d57934b8ca494e5460850d) Importer(815301076,1909f56bfc062723c751e8b465ee728b)
Start importing Assets/Model/Image/Texture/2.png using Guid(b95fbd9c41d57934b8ca494e5460850d) Importer(815301076,1909f56bfc062723c751e8b465ee728b)  -> (artifact id: 'b90771075c587bdd6bbfa7557e39b79a') in 0.157477 seconds
Number of updated asset objects reloaded before import = 0
Number of asset objects unloaded after import = 3
========================================================================
Received Import Request.
  Time since last request: 0.000030 seconds.
  path: Assets/Model/Image/Texture/21.png
  artifactKey: Guid(03f33869375673b438698f2adb1d1901) Importer(815301076,1909f56bfc062723c751e8b465ee728b)
Start importing Assets/Model/Image/Texture/21.png using Guid(03f33869375673b438698f2adb1d1901) Importer(815301076,1909f56bfc062723c751e8b465ee728b)  -> (artifact id: '78239d65d0afbb7cbe645194d2204c21') in 0.028452 seconds
Number of updated asset objects reloaded before import = 0
Number of asset objects unloaded after import = 3
========================================================================
Received Import Request.
  Time since last request: 0.000041 seconds.
  path: Assets/Model/Image/Texture/14.png
  artifactKey: Guid(3427ad4f886c10f4bb355413659a2975) Importer(815301076,1909f56bfc062723c751e8b465ee728b)
Start importing Assets/Model/Image/Texture/14.png using Guid(3427ad4f886c10f4bb355413659a2975) Importer(815301076,1909f56bfc062723c751e8b465ee728b)  -> (artifact id: '95bdecb5940a08528a834409089c5b70') in 0.025936 seconds
Number of updated asset objects reloaded before import = 0
Number of asset objects unloaded after import = 3
========================================================================
Received Import Request.
  Time since last request: 0.000033 seconds.
  path: Assets/Model/Image/Texture/23.png
  artifactKey: Guid(1f878cef87c6ad346b7a2a429ebd687c) Importer(815301076,1909f56bfc062723c751e8b465ee728b)
Start importing Assets/Model/Image/Texture/23.png using Guid(1f878cef87c6ad346b7a2a429ebd687c) Importer(815301076,1909f56bfc062723c751e8b465ee728b)  -> (artifact id: 'ce551f25755a904ce3c676f5fc7f5b2f') in 0.024771 seconds
Number of updated asset objects reloaded before import = 0
Number of asset objects unloaded after import = 3
========================================================================
Received Import Request.
  Time since last request: 0.000023 seconds.
  path: Assets/Model/Image/Texture/15.png
  artifactKey: Guid(01e8107257d3016468fa4f013c398135) Importer(815301076,1909f56bfc062723c751e8b465ee728b)
Start importing Assets/Model/Image/Texture/15.png using Guid(01e8107257d3016468fa4f013c398135) Importer(815301076,1909f56bfc062723c751e8b465ee728b)  -> (artifact id: '98d83cbcb48e48bf6a8487ad68ab27ef') in 0.027679 seconds
Number of updated asset objects reloaded before import = 0
Number of asset objects unloaded after import = 3
========================================================================
Received Import Request.
  Time since last request: 0.000035 seconds.
  path: Assets/Model/Image/Texture/16.png
  artifactKey: Guid(6a8bbcdad7510a345a32a3570a75e2ba) Importer(815301076,1909f56bfc062723c751e8b465ee728b)
Start importing Assets/Model/Image/Texture/16.png using Guid(6a8bbcdad7510a345a32a3570a75e2ba) Importer(815301076,1909f56bfc062723c751e8b465ee728b)  -> (artifact id: 'a37d6c7c4372314e0f014dda7702aaab') in 0.028264 seconds
Number of updated asset objects reloaded before import = 0
Number of asset objects unloaded after import = 3
========================================================================
Received Import Request.
  Time since last request: 0.000023 seconds.
  path: Assets/Model/Image/Texture/6.png
  artifactKey: Guid(5bca646cf2fdf95458c7707c6b7604be) Importer(815301076,1909f56bfc062723c751e8b465ee728b)
Start importing Assets/Model/Image/Texture/6.png using Guid(5bca646cf2fdf95458c7707c6b7604be) Importer(815301076,1909f56bfc062723c751e8b465ee728b)  -> (artifact id: '726ec1529bc2cffa5c784f1e8c6540dc') in 0.030476 seconds
Number of updated asset objects reloaded before import = 0
Number of asset objects unloaded after import = 3
========================================================================
Received Import Request.
  Time since last request: 0.000041 seconds.
  path: Assets/Model/Image/Texture/12.png
  artifactKey: Guid(375cc6b009e7e2f4c9d70ea36c7e03c8) Importer(815301076,1909f56bfc062723c751e8b465ee728b)
Start importing Assets/Model/Image/Texture/12.png using Guid(375cc6b009e7e2f4c9d70ea36c7e03c8) Importer(815301076,1909f56bfc062723c751e8b465ee728b)  -> (artifact id: 'e4eaa44d4045d5f077cc37d4192510a5') in 0.027411 seconds
Number of updated asset objects reloaded before import = 0
Number of asset objects unloaded after import = 3
========================================================================
Received Import Request.
  Time since last request: 0.000024 seconds.
  path: Assets/Model/Image/Texture/19.png
  artifactKey: Guid(e416e3ca2a2555a498dc26b2e7032d8e) Importer(815301076,1909f56bfc062723c751e8b465ee728b)
Start importing Assets/Model/Image/Texture/19.png using Guid(e416e3ca2a2555a498dc26b2e7032d8e) Importer(815301076,1909f56bfc062723c751e8b465ee728b)  -> (artifact id: 'a9f6974be03b1df8efa6d084c2ae696b') in 0.027789 seconds
Number of updated asset objects reloaded before import = 0
Number of asset objects unloaded after import = 3
========================================================================
Received Import Request.
  Time since last request: 0.000021 seconds.
  path: Assets/Model/Image/Texture/13.png
  artifactKey: Guid(4134ebaef35a4d94c8b7964a966646d5) Importer(815301076,1909f56bfc062723c751e8b465ee728b)
Start importing Assets/Model/Image/Texture/13.png using Guid(4134ebaef35a4d94c8b7964a966646d5) Importer(815301076,1909f56bfc062723c751e8b465ee728b)  -> (artifact id: '42472be7d91ac48b810021e2ef97e4d0') in 0.027577 seconds
Number of updated asset objects reloaded before import = 0
Number of asset objects unloaded after import = 3
========================================================================
Received Import Request.
  Time since last request: 0.000039 seconds.
  path: Assets/Model/Image/Texture/22.png
  artifactKey: Guid(18b57671b0ef29d4492b7a5f4de1c8bb) Importer(815301076,1909f56bfc062723c751e8b465ee728b)
Start importing Assets/Model/Image/Texture/22.png using Guid(18b57671b0ef29d4492b7a5f4de1c8bb) Importer(815301076,1909f56bfc062723c751e8b465ee728b)  -> (artifact id: 'e220421a731a4b1c2a05fa1f5c9a5643') in 0.027850 seconds
Number of updated asset objects reloaded before import = 0
Number of asset objects unloaded after import = 3
========================================================================
Received Import Request.
  Time since last request: 0.539007 seconds.
  path: Assets/Model/Image/Texture/26.png
  artifactKey: Guid(77106f32245ca3040a05cdd6e2f18c23) Importer(815301076,1909f56bfc062723c751e8b465ee728b)
Start importing Assets/Model/Image/Texture/26.png using Guid(77106f32245ca3040a05cdd6e2f18c23) Importer(815301076,1909f56bfc062723c751e8b465ee728b)  -> (artifact id: '6f8d05b81db87b897eb2ae76adcb2363') in 0.032336 seconds
Number of updated asset objects reloaded before import = 0
Number of asset objects unloaded after import = 3
========================================================================
Received Import Request.
  Time since last request: 0.000025 seconds.
  path: Assets/Model/Image/Texture/28.png
  artifactKey: Guid(4d60e26b61d74a24e95c70237cdd9546) Importer(815301076,1909f56bfc062723c751e8b465ee728b)
Start importing Assets/Model/Image/Texture/28.png using Guid(4d60e26b61d74a24e95c70237cdd9546) Importer(815301076,1909f56bfc062723c751e8b465ee728b)  -> (artifact id: '4ca4d1464477ae38f7ab22133dafc8cc') in 0.029933 seconds
Number of updated asset objects reloaded before import = 0
Number of asset objects unloaded after import = 3
========================================================================
Received Import Request.
  Time since last request: 0.000029 seconds.
  path: Assets/Model/Image/Texture/31.png
  artifactKey: Guid(34b26768f7f9769469fcdefc7015a799) Importer(815301076,1909f56bfc062723c751e8b465ee728b)
Start importing Assets/Model/Image/Texture/31.png using Guid(34b26768f7f9769469fcdefc7015a799) Importer(815301076,1909f56bfc062723c751e8b465ee728b)  -> (artifact id: 'bb25a0f4219111400b0c178207bb4ee2') in 0.023957 seconds
Number of updated asset objects reloaded before import = 0
Number of asset objects unloaded after import = 3
========================================================================
Received Import Request.
  Time since last request: 0.000039 seconds.
  path: Assets/Model/Image/Texture/29.png
  artifactKey: Guid(6cc22e6c54d919f4d94fe702e36f992d) Importer(815301076,1909f56bfc062723c751e8b465ee728b)
Start importing Assets/Model/Image/Texture/29.png using Guid(6cc22e6c54d919f4d94fe702e36f992d) Importer(815301076,1909f56bfc062723c751e8b465ee728b)  -> (artifact id: '5865154e87d00da471ff226aa987bff6') in 0.026321 seconds
Number of updated asset objects reloaded before import = 0
Number of asset objects unloaded after import = 3
========================================================================
Received Import Request.
  Time since last request: 47.834124 seconds.
  path: Assets/Model/Image/Texture/35.png
  artifactKey: Guid(00df255953812bf449617c3e771ce11d) Importer(815301076,1909f56bfc062723c751e8b465ee728b)
Start importing Assets/Model/Image/Texture/35.png using Guid(00df255953812bf449617c3e771ce11d) Importer(815301076,1909f56bfc062723c751e8b465ee728b)  -> (artifact id: '113e58895ff5f74f0f420f081802e4cf') in 0.024773 seconds
Number of updated asset objects reloaded before import = 0
Number of asset objects unloaded after import = 3
========================================================================
Received Import Request.
  Time since last request: 0.000067 seconds.
  path: Assets/Model/Image/Texture/36.png
  artifactKey: Guid(ad811228ce28b0b4eb6accbf43e79da8) Importer(815301076,1909f56bfc062723c751e8b465ee728b)
Start importing Assets/Model/Image/Texture/36.png using Guid(ad811228ce28b0b4eb6accbf43e79da8) Importer(815301076,1909f56bfc062723c751e8b465ee728b)  -> (artifact id: 'a3804feca156f73a385c1f4e11b5631f') in 0.043459 seconds
Number of updated asset objects reloaded before import = 0
Number of asset objects unloaded after import = 3
========================================================================
Received Import Request.
  Time since last request: 0.000040 seconds.
  path: Assets/Model/Image/Texture/39.png
  artifactKey: Guid(3ea4e964fabc8374eaa7a75725489bf2) Importer(815301076,1909f56bfc062723c751e8b465ee728b)
Start importing Assets/Model/Image/Texture/39.png using Guid(3ea4e964fabc8374eaa7a75725489bf2) Importer(815301076,1909f56bfc062723c751e8b465ee728b)  -> (artifact id: '7e9aca3d8ee2788c2fa376de61c08013') in 0.038434 seconds
Number of updated asset objects reloaded before import = 0
Number of asset objects unloaded after import = 3
========================================================================
Received Import Request.
  Time since last request: 0.033301 seconds.
  path: Assets/Model/Image/Texture/43.png
  artifactKey: Guid(f1ada5ed6b19cf5448548abd4a36bf84) Importer(815301076,1909f56bfc062723c751e8b465ee728b)
Start importing Assets/Model/Image/Texture/43.png using Guid(f1ada5ed6b19cf5448548abd4a36bf84) Importer(815301076,1909f56bfc062723c751e8b465ee728b)  -> (artifact id: 'fbcc40412a93cb09ffa69ab24fa6fc30') in 0.037244 seconds
Number of updated asset objects reloaded before import = 0
Number of asset objects unloaded after import = 3
========================================================================
Received Import Request.
  Time since last request: 0.000036 seconds.
  path: Assets/Model/Image/Texture/44.png
  artifactKey: Guid(35cc77bbf0e21a247bf3494fd7513bbb) Importer(815301076,1909f56bfc062723c751e8b465ee728b)
Start importing Assets/Model/Image/Texture/44.png using Guid(35cc77bbf0e21a247bf3494fd7513bbb) Importer(815301076,1909f56bfc062723c751e8b465ee728b)  -> (artifact id: 'eaa400bc35dd6d560ab5db31eae9d73a') in 0.038074 seconds
Number of updated asset objects reloaded before import = 0
Number of asset objects unloaded after import = 3
========================================================================
Received Import Request.
  Time since last request: 0.082295 seconds.
  path: Assets/Model/Image/Texture/47.png
  artifactKey: Guid(27a7888cf48edac47b26d209ba5a937b) Importer(815301076,1909f56bfc062723c751e8b465ee728b)
Start importing Assets/Model/Image/Texture/47.png using Guid(27a7888cf48edac47b26d209ba5a937b) Importer(815301076,1909f56bfc062723c751e8b465ee728b)  -> (artifact id: '6e3d87bcff376f43bba0ce32e50642da') in 0.017960 seconds
Number of updated asset objects reloaded before import = 0
Number of asset objects unloaded after import = 3
========================================================================
Received Import Request.
  Time since last request: 0.000025 seconds.
  path: Assets/Model/Image/Texture/54.png
  artifactKey: Guid(2d18b9ddd165de94b958d2812951348d) Importer(815301076,1909f56bfc062723c751e8b465ee728b)
Start importing Assets/Model/Image/Texture/54.png using Guid(2d18b9ddd165de94b958d2812951348d) Importer(815301076,1909f56bfc062723c751e8b465ee728b)  -> (artifact id: '14bcd365683d45292a282ebb91f32a6f') in 0.020912 seconds
Number of updated asset objects reloaded before import = 0
Number of asset objects unloaded after import = 3
========================================================================
Received Import Request.
  Time since last request: 0.000033 seconds.
  path: Assets/Model/Image/Texture/49.png
  artifactKey: Guid(8fe64a54ed8fb974c819ca654956490c) Importer(815301076,1909f56bfc062723c751e8b465ee728b)
Start importing Assets/Model/Image/Texture/49.png using Guid(8fe64a54ed8fb974c819ca654956490c) Importer(815301076,1909f56bfc062723c751e8b465ee728b)  -> (artifact id: '3051044fe8b0bdcec0851b8ede7aa9bd') in 0.021743 seconds
Number of updated asset objects reloaded before import = 0
Number of asset objects unloaded after import = 3
========================================================================
Received Import Request.
  Time since last request: 0.000024 seconds.
  path: Assets/Model/Image/Texture/58.png
  artifactKey: Guid(10cfbe4ba7bcc934f9f1bb8cce53b8c4) Importer(815301076,1909f56bfc062723c751e8b465ee728b)
Start importing Assets/Model/Image/Texture/58.png using Guid(10cfbe4ba7bcc934f9f1bb8cce53b8c4) Importer(815301076,1909f56bfc062723c751e8b465ee728b)  -> (artifact id: '42650d6c9fe58be3d2d318cc2d5b07a2') in 0.022904 seconds
Number of updated asset objects reloaded before import = 0
Number of asset objects unloaded after import = 3
========================================================================
Received Import Request.
  Time since last request: 0.000029 seconds.
  path: Assets/Model/Image/Texture/50.png
  artifactKey: Guid(23c28e2a0d6802d46b7b6490f286c563) Importer(815301076,1909f56bfc062723c751e8b465ee728b)
Start importing Assets/Model/Image/Texture/50.png using Guid(23c28e2a0d6802d46b7b6490f286c563) Importer(815301076,1909f56bfc062723c751e8b465ee728b)  -> (artifact id: '579da7172a83b8358b1b857bb02292c8') in 0.023575 seconds
Number of updated asset objects reloaded before import = 0
Number of asset objects unloaded after import = 3
========================================================================
Received Import Request.
  Time since last request: 0.000020 seconds.
  path: Assets/Model/Image/Texture/56.png
  artifactKey: Guid(bd08116bb4e83c14698ed284714580d5) Importer(815301076,1909f56bfc062723c751e8b465ee728b)
Start importing Assets/Model/Image/Texture/56.png using Guid(bd08116bb4e83c14698ed284714580d5) Importer(815301076,1909f56bfc062723c751e8b465ee728b)  -> (artifact id: '8bdcd255880439cbac527ed8088f3ed8') in 0.017447 seconds
Number of updated asset objects reloaded before import = 0
Number of asset objects unloaded after import = 3
========================================================================
Received Import Request.
  Time since last request: 0.100914 seconds.
  path: Assets/Model/Image/Texture/63.png
  artifactKey: Guid(9ee8b63f8abb4254ab14381ef1e93d6c) Importer(815301076,1909f56bfc062723c751e8b465ee728b)
Start importing Assets/Model/Image/Texture/63.png using Guid(9ee8b63f8abb4254ab14381ef1e93d6c) Importer(815301076,1909f56bfc062723c751e8b465ee728b)  -> (artifact id: 'f95115b77729b2c3dcd68116e47c7bb6') in 0.018276 seconds
Number of updated asset objects reloaded before import = 0
Number of asset objects unloaded after import = 3
========================================================================
Received Import Request.
  Time since last request: 0.000027 seconds.
  path: Assets/Model/Image/Texture/66.png
  artifactKey: Guid(ef920803e696eac489a5d668413d0f5c) Importer(815301076,1909f56bfc062723c751e8b465ee728b)
Start importing Assets/Model/Image/Texture/66.png using Guid(ef920803e696eac489a5d668413d0f5c) Importer(815301076,1909f56bfc062723c751e8b465ee728b)  -> (artifact id: '4ec687a2da986f699b577147cf909ca4') in 0.019655 seconds
Number of updated asset objects reloaded before import = 0
Number of asset objects unloaded after import = 3
========================================================================
Received Import Request.
  Time since last request: 0.000123 seconds.
  path: Assets/Model/Image/Texture/67.png
  artifactKey: Guid(7b96892e17723c54cbfd2f876103b289) Importer(815301076,1909f56bfc062723c751e8b465ee728b)
Start importing Assets/Model/Image/Texture/67.png using Guid(7b96892e17723c54cbfd2f876103b289) Importer(815301076,1909f56bfc062723c751e8b465ee728b)  -> (artifact id: '26d32505a609eacd892824913823aec0') in 0.018340 seconds
Number of updated asset objects reloaded before import = 0
Number of asset objects unloaded after import = 3
========================================================================
Received Import Request.
  Time since last request: 0.004592 seconds.
  path: Assets/Model/Image/Texture/71.png
  artifactKey: Guid(e19fbb53e3b42b44fb18ad33e9c731b2) Importer(815301076,1909f56bfc062723c751e8b465ee728b)
Start importing Assets/Model/Image/Texture/71.png using Guid(e19fbb53e3b42b44fb18ad33e9c731b2) Importer(815301076,1909f56bfc062723c751e8b465ee728b)  -> (artifact id: 'd573744df824d843d79d5c192176ac12') in 0.023436 seconds
Number of updated asset objects reloaded before import = 0
Number of asset objects unloaded after import = 3
Editor requested this worker to shutdown with reason: Scaling down because of idle timeout
TcpMessagingSession - receive error: operation aborted. errorcode: 995, details: The I/O operation has been aborted because of either a thread exit or an application request.
AssetImportWorker is now disconnected from the server
Process exiting
Exiting without the bug reporter. Application will terminate with return code 0